[Message:   BepInEx] BepInEx 5.4.19.0 - valheim (28.12.2022 16:14:53)
[Info   :   BepInEx] Running under Unity v2020.3.33.9525882
[Info   :   BepInEx] CLR runtime version: 4.0.30319.42000
[Info   :   BepInEx] Supports SRE: True
[Info   :   BepInEx] System platform: Bits64, Windows
[Message:   BepInEx] Preloader started
[Info   :   BepInEx] Loaded 1 patcher method from [BepInEx.Preloader 5.4.19.0]
[Info   :   BepInEx] 1 patcher plugin loaded
[Info   :   BepInEx] Patching [UnityEngine.CoreModule] with [BepInEx.Chainloader]
[Message:   BepInEx] Preloader finished
[Message:   BepInEx] Chainloader ready
[Message:   BepInEx] Chainloader started
[Info   :   BepInEx] 23 plugins to load
[Info   :   BepInEx] Loading [PlantEverything 1.12.0]
[Info   :   BepInEx] Loading [SNEAKer 1.0.3.0]
[Info   :   SNEAKer] SNEAKer Loaded..
[Info   :   BepInEx] Loading [FloatingItems 1.0.0]
[Info   :   BepInEx] Loading [Configuration Manager 17.0]
[Info   :   BepInEx] Loading [Jotunn 2.10.1]
[Info   :    Jotunn] Initializing LocalizationManager
[Info   :    Jotunn] Initializing CommandManager
[Info   :    Jotunn] Initializing InputManager
[Info   :    Jotunn] Initializing SkillManager
[Info   :    Jotunn] Initializing PrefabManager
[Info   :    Jotunn] Initializing ItemManager
[Info   :    Jotunn] Initializing PieceManager
[Info   :    Jotunn] Initializing CreatureManager
[Info   :    Jotunn] Initializing ZoneManager
[Info   :    Jotunn] Initializing MockManager
[Info   :    Jotunn] Initializing KitbashManager
[Info   :    Jotunn] Initializing GUIManager
[Info   :    Jotunn] Initializing KeyHintManager
[Info   :    Jotunn] Initializing NetworkManager
[Info   :    Jotunn] Initializing SynchronizationManager
[Info   :    Jotunn] Initializing RenderManager
[Info   :    Jotunn] Initializing MinimapManager
[Info   :    Jotunn] Initializing UndoManager
[Info   :    Jotunn] Jötunn v2.10.1 loaded successfully
[Info   :   BepInEx] Loading [BoneAppetit 3.2.0]
[Message:Boneappetit.BoneAppetit] Prepping Kitchen...
[Message:Boneappetit.BoneAppetit] Big thanks to MeatwareMonster!
[Info   :   BepInEx] Loading [Valharvest 2.2.4]
[Info   :Valharvest.Main] Preparing the plants...
[Info   :   BepInEx] Loading [SimpleRecycling 0.0.13]
[Info   :   BepInEx] Loading [Use Equipment in Water 0.2.3]
[Info   :   BepInEx] Loading [Quick Stack - Store - Sort - Trash - Restock 1.2]
[Info   :   BepInEx] Loading [Better Archery 1.8.1]
[Info   :   BepInEx] Loading [OdinShip 0.2.2]
[Info   : Unity Log] 01/08/2023 12:58:31: Loaded localization CSV:localization language:English

[Info   : Unity Log] 01/08/2023 12:58:31: Loaded localization CSV:localization_extra language:English

[Info   : Unity Log] 01/08/2023 12:58:31: Loaded localization CSV:localization language:English

[Info   : Unity Log] 01/08/2023 12:58:31: Loaded localization CSV:localization_extra language:English

[Info   :   BepInEx] Loading [Better Trader Remake 2.2.7]
[Info   :Digitalroot] Trader's coins were loaded from world Unknown_BetterTrader.dat file with a value of 6545
[Info   :   BepInEx] Loading [BetterUI 2.4.0]
[Info   :   BepInEx] Loading [HoneyPlus 3.2.0]
[Info   :HoneyPlus.HoneyPlus] Loaded asset bundle: honeyplusassets (UnityEngine.AssetBundle)
[Info   :HoneyPlus.HoneyPlus] Loaded recipes list
[Info   :HoneyPlus.HoneyPlus] Loaded Item: HoneyBread
[Info   :HoneyPlus.HoneyPlus] Loaded Item: HoneyCookedMeat
[Info   :HoneyPlus.HoneyPlus] Loaded Item: HoneyCookedNeck
[Info   :HoneyPlus.HoneyPlus] Loaded Item: HoneyCookedLox
[Info   :HoneyPlus.HoneyPlus] Loaded Item: HoneySausages
[Info   :HoneyPlus.HoneyPlus] Loaded Item: HoneySerpentMeat
[Info   :HoneyPlus.HoneyPlus] Loaded Item: HoneyTeriyakiSalmon
[Info   :HoneyPlus.HoneyPlus] Loaded Item: HoneyTeriyakiSalmonWrap
[Info   :HoneyPlus.HoneyPlus] Loaded Item: OdinsDelight
[Info   :HoneyPlus.HoneyPlus] Loaded Item: HoneyNeckJerky
[Info   :HoneyPlus.HoneyPlus] Loaded Item: HoneyMushroomSoup
[Info   :HoneyPlus.HoneyPlus] Loaded Item: HoneyLoxJerky
[Info   :HoneyPlus.HoneyPlus] Loaded Item: HoneyDeerJerky
[Info   :HoneyPlus.HoneyPlus] Loaded Item: HoneyCookedDeer
[Info   :HoneyPlus.HoneyPlus] Loaded Item: HoneyCookedWolf
[Info   :HoneyPlus.HoneyPlus] Loaded Item: HoneyCookedHare
[Info   :HoneyPlus.HoneyPlus] Loaded Item: HoneyCookedSeeker
[Info   :HoneyPlus.HoneyPlus] Loaded Item: HoneyMushroomStew
[Info   :   BepInEx] Loading [Cooking 1.1.10]
[Info   :   BepInEx] Loading [Valheim Plus 0.9.9.11]
[Info   :Valheim Plus] Trying to load the configuration file
[Info   : Unity Log] Loading config section AdvancedBuildingMode
[Info   : Unity Log]  Loading key enterAdvancedBuildingMode
[Info   : Unity Log]  Loading key exitAdvancedBuildingMode
[Info   : Unity Log]  Loading key copyObjectRotation
[Info   : Unity Log]  Loading key pasteObjectRotation
[Info   : Unity Log]  Loading key increaseScrollSpeed
[Info   : Unity Log]  Loading key decreaseScrollSpeed
[Info   : Unity Log] Loading config section AdvancedEditingMode
[Info   : Unity Log]  Loading key enterAdvancedEditingMode
[Info   : Unity Log]  Loading key resetAdvancedEditingMode
[Info   : Unity Log]  Loading key abortAndExitAdvancedEditingMode
[Info   : Unity Log]  Loading key confirmPlacementOfAdvancedEditingMode
[Info   : Unity Log]  Loading key copyObjectRotation
[Info   : Unity Log]  Loading key pasteObjectRotation
[Info   : Unity Log]  Loading key increaseScrollSpeed
[Info   : Unity Log]  Loading key decreaseScrollSpeed
[Info   : Unity Log] Loading config section Bed
[Info   : Unity Log]  Section not enabled
[Info   : Unity Log] Loading config section Beehive
[Info   : Unity Log]  Section not enabled
[Info   : Unity Log] Loading config section Building
[Info   : Unity Log]  Loading key noInvalidPlacementRestriction
[Info   : Unity Log]  Loading key noMysticalForcesPreventPlacementRestriction
[Info   : Unity Log]  Loading key noWeatherDamage
[Info   : Unity Log]  Loading key maximumPlacementDistance
[Info   : Unity Log]  Loading key pieceComfortRadius
[Info   : Unity Log]  Loading key alwaysDropResources
[Info   : Unity Log]  Loading key alwaysDropExcludedResources
[Info   : Unity Log]  Loading key enableAreaRepair
[Info   : Unity Log]  Loading key areaRepairRadius
[Info   : Unity Log] Loading config section Deconstruct
[Info   : Unity Log]  Section not enabled
[Info   : Unity Log] Loading config section Inventory
[Info   : Unity Log]  Section not enabled
[Info   : Unity Log] Loading config section Items
[Info   : Unity Log]  Loading key noTeleportPrevention
[Info   : Unity Log]  Loading key baseItemWeightReduction
[Info   : Unity Log]  Loading key itemStackMultiplier
[Info   : Unity Log]  Loading key droppedItemOnGroundDurationInSeconds
[Info   : Unity Log]  Loading key itemsFloatInWater
[Info   : Unity Log] Loading config section Fermenter
[Info   : Unity Log]  Section not enabled
[Info   : Unity Log] Loading config section FireSource
[Info   : Unity Log]  Section not enabled
[Info   : Unity Log] Loading config section Food
[Info   : Unity Log]  Section not enabled
[Info   : Unity Log] Loading config section Smelter
[Info   : Unity Log]  Loading key maximumOre
[Info   : Unity Log]  Loading key maximumCoal
[Info   : Unity Log]  Loading key coalUsedPerProduct
[Info   : Unity Log]  Loading key productionSpeed
[Info   : Unity Log]  Loading key autoDeposit
[Info   : Unity Log]  Loading key autoFuel
[Info   : Unity Log]  Loading key ignorePrivateAreaCheck
[Info   : Unity Log]  Loading key autoRange
[Info   : Unity Log] Loading config section Furnace
[Info   : Unity Log]  Loading key maximumOre
[Info   : Unity Log]  Loading key maximumCoal
[Info   : Unity Log]  Loading key coalUsedPerProduct
[Info   : Unity Log]  Loading key productionSpeed
[Info   : Unity Log]  Loading key autoDeposit
[Info   : Unity Log]  Loading key autoFuel
[Info   : Unity Log]  Loading key ignorePrivateAreaCheck
[Info   : Unity Log]  Loading key autoRange
[Info   : Unity Log]  Loading key allowAllOres
[Info   : Unity Log] Loading config section Hotkeys
[Info   : Unity Log]  Section not enabled
[Info   : Unity Log] Loading config section Kiln
[Info   : Unity Log]  Loading key productionSpeed
[Info   : Unity Log]  Loading key maximumWood
[Info   : Unity Log]  Loading key dontProcessFineWood
[Info   : Unity Log]  Loading key dontProcessRoundLog
[Info   : Unity Log]  Loading key autoDeposit
[Info   : Unity Log]  Loading key autoFuel
[Info   : Unity Log]  Loading key stopAutoFuelThreshold
[Info   : Unity Log]  Loading key ignorePrivateAreaCheck
[Info   : Unity Log]  Loading key autoRange
[Info   : Unity Log] Loading config section Windmill
[Info   : Unity Log]  Section not enabled
[Info   : Unity Log] Loading config section SpinningWheel
[Info   : Unity Log]  Section not enabled
[Info   : Unity Log] Loading config section Map
[Info   : Unity Log]  Loading key shareMapProgression
[Info   : Unity Log]  Loading key exploreRadius
[Info   : Unity Log]  Loading key preventPlayerFromTurningOffPublicPosition
[Info   : Unity Log]  Loading key shareAllPins
[Info   : Unity Log]  Loading key displayCartsAndBoats
[Info   : Unity Log] Loading config section Player
[Info   : Unity Log]  Section not enabled
[Info   : Unity Log] Loading config section Server
[Info   : Unity Log]  Loading key maxPlayers
[Info   : Unity Log]  Loading key disableServerPassword
[Info   : Unity Log]  Loading key enforceMod
[Info   : Unity Log]  Loading key serverSyncsConfig
[Info   : Unity Log]  Loading key serverSyncHotkeys
[Info   : Unity Log] Loading config section Stamina
[Info   : Unity Log]  Section not enabled
[Info   : Unity Log] Loading config section StaminaUsage
[Info   : Unity Log]  Section not enabled
[Info   : Unity Log] Loading config section Workbench
[Info   : Unity Log]  Section not enabled
[Info   : Unity Log] Loading config section Time
[Info   : Unity Log]  Section not enabled
[Info   : Unity Log] Loading config section Ward
[Info   : Unity Log]  Section not enabled
[Info   : Unity Log] Loading config section StructuralIntegrity
[Info   : Unity Log]  Section not enabled
[Info   : Unity Log] Loading config section Tameable
[Info   : Unity Log]  Section not enabled
[Info   : Unity Log] Loading config section Hud
[Info   : Unity Log]  Loading key showRequiredItems
[Info   : Unity Log]  Loading key experienceGainedNotifications
[Info   : Unity Log]  Loading key removeDamageFlash
[Info   : Unity Log]  Loading key displayBowAmmoCounts
[Info   : Unity Log] Loading config section Experience
[Info   : Unity Log]  Loading key swords
[Info   : Unity Log]  Loading key knives
[Info   : Unity Log]  Loading key clubs
[Info   : Unity Log]  Loading key polearms
[Info   : Unity Log]  Loading key spears
[Info   : Unity Log]  Loading key blocking
[Info   : Unity Log]  Loading key axes
[Info   : Unity Log]  Loading key bows
[Info   : Unity Log]  Loading key fireMagic
[Info   : Unity Log]  Loading key frostMagic
[Info   : Unity Log]  Loading key unarmed
[Info   : Unity Log]  Loading key pickaxes
[Info   : Unity Log]  Loading key woodCutting
[Info   : Unity Log]  Loading key jump
[Info   : Unity Log]  Loading key sneak
[Info   : Unity Log]  Loading key run
[Info   : Unity Log]  Loading key swim
[Info   : Unity Log]  Loading key ride
[Info   : Unity Log] Loading config section Camera
[Info   : Unity Log]  Section not enabled
[Info   : Unity Log] Loading config section Game
[Info   : Unity Log]  Loading key gameDifficultyDamageScale
[Info   : Unity Log]  Loading key gameDifficultyHealthScale
[Info   : Unity Log]  Loading key extraPlayerCountNearby
[Info   : Unity Log]  Loading key setFixedPlayerCountTo
[Info   : Unity Log]  Loading key difficultyScaleRange
[Info   : Unity Log]  Loading key disablePortals
[Info   : Unity Log]  Loading key disableConsole
[Info   : Unity Log]  Loading key bigPortalNames
[Info   : Unity Log]  Loading key disableFog
[Info   : Unity Log] Loading config section Wagon
[Info   : Unity Log]  Section not enabled
[Info   : Unity Log] Loading config section Gathering
[Info   : Unity Log]  Section not enabled
[Info   : Unity Log] Loading config section Pickable
[Info   : Unity Log]  Section not enabled
[Info   : Unity Log] Loading config section Durability
[Info   : Unity Log]  Section not enabled
[Info   : Unity Log] Loading config section Armor
[Info   : Unity Log]  Section not enabled
[Info   : Unity Log] Loading config section FreePlacementRotation
[Info   : Unity Log]  Loading key rotateY
[Info   : Unity Log]  Loading key rotateX
[Info   : Unity Log]  Loading key rotateZ
[Info   : Unity Log]  Loading key copyRotationParallel
[Info   : Unity Log]  Loading key copyRotationPerpendicular
[Info   : Unity Log] Loading config section Shields
[Info   : Unity Log]  Section not enabled
[Info   : Unity Log] Loading config section FirstPerson
[Info   : Unity Log]  Section not enabled
[Info   : Unity Log] Loading config section GridAlignment
[Info   : Unity Log]  Section not enabled
[Info   : Unity Log] Loading config section CraftFromChest
[Info   : Unity Log]  Loading key range
[Info   : Unity Log]  Loading key disableCookingStation
[Info   : Unity Log]  Loading key checkFromWorkbench
[Info   : Unity Log]  Loading key ignorePrivateAreaCheck
[Info   : Unity Log]  Loading key lookupInterval
[Info   : Unity Log]  Loading key allowCraftingFromCarts
[Info   : Unity Log]  Loading key allowCraftingFromShips
[Info   : Unity Log] Loading config section ValheimPlus
[Info   : Unity Log]  Loading key mainMenuLogo
[Info   : Unity Log]  Loading key serverBrowserAdvertisement
[Info   : Unity Log] Loading config section PlayerProjectile
[Info   : Unity Log]  Section not enabled
[Info   : Unity Log] Loading config section MonsterProjectile
[Info   : Unity Log]  Section not enabled
[Info   : Unity Log] Loading config section GameClock
[Info   : Unity Log]  Section not enabled
[Info   : Unity Log] Loading config section Brightness
[Info   : Unity Log]  Section not enabled
[Info   : Unity Log] Loading config section Chat
[Info   : Unity Log]  Section not enabled
[Info   :Valheim Plus] Configuration file loaded succesfully.
[Info   :Valheim Plus] ValheimPlus [0.9.9.11] is up to date.
[Info   :   BepInEx] Loading [Display BepInEx Info In-Game 2.0.0]
[Info   :   BepInEx] Loading [Extended Item Data Framework 1.0.10]
[Info   :   BepInEx] Loading [Epic Loot 0.9.3]
[Info   :   BepInEx] Loading [Equipment and Quick Slots 2.1.1]
[Info   :   BepInEx] Loading [AutoRepair 5.4.1600]
[Info   :   BepInEx] Loading [MassFarming 1.5]
[Message:   BepInEx] Chainloader startup complete
[Info   : Unity Log] 01/08/2023 12:58:36: Starting to load scene:start

[Info   : Unity Log] 01/08/2023 12:58:36: Using environment steamid 892970

[Info   : Unity Log] 01/08/2023 12:58:36: Using steam APPID:892970

[Info   : Unity Log] 01/08/2023 12:58:36: Authentication:k_ESteamNetworkingAvailability_Attempting

[Warning: Unity Log] Only custom filters can be played. Please add a custom filter or an audioclip to the audiosource (Amb_MainMenu).
[Info   : Unity Log] 01/08/2023 12:58:37: Loaded localization CSV:localization language:English

[Info   : Unity Log] 01/08/2023 12:58:37: Loaded localization CSV:localization_extra language:English

[Info   : Unity Log] 01/08/2023 12:58:37: Loaded localization CSV:localization language:English

[Info   : Unity Log] 01/08/2023 12:58:37: Loaded localization CSV:localization_extra language:English

[Info   : Unity Log] 01/08/2023 12:58:37: Loaded localization CSV:localization language:English

[Info   : Unity Log] 01/08/2023 12:58:37: Loaded localization CSV:localization_extra language:English

[Info   : Unity Log] 01/08/2023 12:58:37: Steam initialized, persona:SupaHotPiweu

[Info   : Unity Log] 01/08/2023 12:58:37: PlayFab custom ID set to "Steam_76561198002157142"

[Info   : Unity Log] 01/08/2023 12:58:37: Using default prefs

[Info   : Unity Log] 01/08/2023 12:58:37: Valheim version:0.212.9@0.9.9.11

[Info   : Unity Log] 01/08/2023 12:58:37: Worldgenerator version setup:2

[Info   :Jotunn.Managers.CommandManager] Adding 1 commands to the Console
[Info   : Unity Log] 01/08/2023 12:58:37: Render threading mode:MultiThreaded

[Info   : Unity Log] 01/08/2023 12:58:37: Checking for installed DLCs

[Info   : Unity Log] 01/08/2023 12:58:37: DLC:beta installed:False

[Info   :Jotunn.Managers.LocalizationManager] Loading custom localizations
[Info   : Unity Log] 01/08/2023 12:58:38: Loaded localization CSV:localization language:English

[Info   : Unity Log] 01/08/2023 12:58:38: Loaded localization CSV:localization_extra language:English

[Info   :Jotunn.Managers.LocalizationManager] Adding tokens for language 'English'
[Message:Boneappetit.BoneAppetit] Loaded Game VFX and SFX
[Message:Boneappetit.BoneAppetit] Load Complete. Bone Appetit yall.
[Info   :Jotunn.Managers.ItemManager] Adding 107 custom items to the ObjectDB
[Info   : Unity Log] [PrefabCreator] Added recipe: Recipe_LeatherQuiver
[Info   : Unity Log] [PrefabCreator] Added recipe: Recipe_ArrowWoodAnywhere
[Info   : Unity Log] [PrefabCreator] Added recipe: Recipe_FireArrowTransform
[Info   : Unity Log] [PrefabCreator] Added recipe: Recipe_PoisonArrowTransform
[Info   : Unity Log] [PrefabCreator] Added recipe: Recipe_SilverArrowTransform
[Info   : Unity Log] [PrefabCreator] Added recipe: Recipe_FrostArrowTransform
[Info   : Unity Log] [PrefabCreator] Added recipe: Recipe_LeatherBelt
[Info   : Unity Log] [PrefabCreator] Added recipe: Recipe_SilverRing
[Info   : Unity Log] [PrefabCreator] Added recipe: Recipe_GoldRubyRing
[Info   : Unity Log] [PrefabCreator] Added recipe: Recipe_ShardRareUpgrade
[Info   : Unity Log] [PrefabCreator] Added recipe: Recipe_ShardEpicUpgrade
[Info   : Unity Log] [PrefabCreator] Added recipe: Recipe_ShardLegendaryUpgrade
[Info   : Unity Log] [PrefabCreator] Added recipe: Recipe_DustRareUpgrade
[Info   : Unity Log] [PrefabCreator] Added recipe: Recipe_DustEpicUpgrade
[Info   : Unity Log] [PrefabCreator] Added recipe: Recipe_DustLegendaryUpgrade
[Info   : Unity Log] [PrefabCreator] Added recipe: Recipe_ReagentRareUpgrade
[Info   : Unity Log] [PrefabCreator] Added recipe: Recipe_ReagentEpicUpgrade
[Info   : Unity Log] [PrefabCreator] Added recipe: Recipe_ReagentLegendaryUpgrade
[Info   : Unity Log] [PrefabCreator] Added recipe: Recipe_EssenceRareUpgrade
[Info   : Unity Log] [PrefabCreator] Added recipe: Recipe_EssenceEpicUpgrade
[Info   : Unity Log] [PrefabCreator] Added recipe: Recipe_EssenceLegendaryUpgrade
[Info   : Unity Log] [PrefabCreator] Added recipe: Recipe_RunestoneRareUpgrade
[Info   : Unity Log] [PrefabCreator] Added recipe: Recipe_RunestoneEpicUpgrade
[Info   : Unity Log] [PrefabCreator] Added recipe: Recipe_RunestoneLegendaryUpgrade
[Info   : Unity Log] [PrefabCreator] Added recipe: Recipe_MagicShardToDust_Conversion
[Info   : Unity Log] [PrefabCreator] Added recipe: Recipe_MagicShardToEssence_Conversion
[Info   : Unity Log] [PrefabCreator] Added recipe: Recipe_MagicShardToReagent_Conversion
[Info   : Unity Log] [PrefabCreator] Added recipe: Recipe_RareShardToDust_Conversion
[Info   : Unity Log] [PrefabCreator] Added recipe: Recipe_RareShardToEssence_Conversion
[Info   : Unity Log] [PrefabCreator] Added recipe: Recipe_RareShardToReagent_Conversion
[Info   : Unity Log] [PrefabCreator] Added recipe: Recipe_EpicShardToDust_Conversion
[Info   : Unity Log] [PrefabCreator] Added recipe: Recipe_EpicShardToEssence_Conversion
[Info   : Unity Log] [PrefabCreator] Added recipe: Recipe_EpicShardToReagent_Conversion
[Info   : Unity Log] [PrefabCreator] Added recipe: Recipe_LegendaryShardToDust_Conversion
[Info   : Unity Log] [PrefabCreator] Added recipe: Recipe_LegendaryShardToEssence_Conversion
[Info   : Unity Log] [PrefabCreator] Added recipe: Recipe_LegendaryShardToReagent_Conversion
[Info   : Unity Log] [PrefabCreator] Added recipe: Recipe_BoneSkeletonTrophy
[Info   : Unity Log] [PrefabCreator] Added recipe: Recipe_EyeGreydwarfTrophy
[Info   : Unity Log] [PrefabCreator] Added recipe: Recipe_AntlerDeerTrophy
[Info   : Unity Log] [PrefabCreator] Added recipe: Recipe_HideTrollTrophy
[Info   : Unity Log] [PrefabCreator] Added recipe: Recipe_CoreSurtlingTrophy
[Info   : Unity Log] [PrefabCreator] Added recipe: Recipe_FreezeGlandDrakeTrophy
[Info   : Unity Log] [PrefabCreator] Added recipe: Recipe_DragonTearRunestone
[Info   : Unity Log] [PrefabCreator] Added recipe: Recipe_YagluthThingRunestone
[Info   :Valharvest.Scripts.BoneAppetitBalance] SeagullEgg Loaded.
[Info   :Valharvest.Main] Load Complete.
[Info   :Jotunn.Managers.SkillManager] Registering 1 custom skills
[Info   :Jotunn.Managers.SkillManager] Registering 1 custom skills
[Info   : Unity Log] 01/08/2023 12:58:39: Ticket is System.Byte[] of length 369

[Info   : Unity Log] 01/08/2023 12:58:39: Session auth respons callback

[Info   : Unity Log] 01/08/2023 12:58:39: Starting music menu

[Info   : Unity Log] 01/08/2023 12:58:39: UI Group status changed Menu = True

[Info   : Unity Log] 01/08/2023 12:58:40: PlayFab logged in as "Steam_76561198002157142"

[Info   : Unity Log] 01/08/2023 12:58:40: PlayFab local entity ID is B66CB53BBA79AE23

[Info   : Unity Log] 01/08/2023 12:58:41: UI Group status changed Menu = True

[Info   : Unity Log] 01/08/2023 13:05:40: Update PlayFab entity token

[Info   : Unity Log] 01/08/2023 13:11:08: FOund selected Start game

[Info   : Unity Log] 01/08/2023 13:11:08: show character selection

[Info   : Unity Log] 01/08/2023 13:11:08: OnCharacterStart

[Info   : Unity Log] 01/08/2023 13:11:12: Loading main scene

[Info   : Unity Log] 01/08/2023 13:11:12: Steam initialized, persona:SupaHotPiweu

[Info   : Unity Log] 01/08/2023 13:11:12: PlayFab custom ID set to "Steam_76561198002157142"

[Info   : Unity Log] 01/08/2023 13:11:12: Using default prefs

[Info   :Jotunn.Managers.CommandManager] Adding 1 commands to the Console
[Info   : Unity Log] 01/08/2023 13:11:12: Loading player profile smasha

[Info   : Unity Log] 01/08/2023 13:11:12: isModded: True

[Info   : Unity Log] 01/08/2023 13:11:12: Zonesystem Awake 44889

[Info   : Unity Log] 01/08/2023 13:11:12: DungeonDB Awake 44889

[Info   : Unity Log] 01/08/2023 13:11:12: Steam initialized, persona:SupaHotPiweu

[Info   : Unity Log] 01/08/2023 13:11:12: Worldgenerator version setup:2

[Info   : Unity Log] Registered 'advize.PlantEverything ConfigSync' RPC - waiting for incoming connections
[Info   : Unity Log] Registered 'blacks7ar.SNEAKer ConfigSync' RPC - waiting for incoming connections
[Info   : Unity Log] Registered 'marlthon.OdinShip ConfigSync' RPC - waiting for incoming connections
[Info   : Unity Log] Registered 'marlthon.OdinShip PieceManager ConfigSync' RPC - waiting for incoming connections
[Info   : Unity Log] Registered 'marlthon.OdinShip ItemManager ConfigSync' RPC - waiting for incoming connections
[Info   :Digitalroot] Trader's coins were saved to world Unknown_BetterTrader.dat file with a value of 6545
[Info   :Digitalroot] Trader's coins were loaded from world Szczecin_2422803644_BetterTrader.dat file with a value of 2000
[Info   : Unity Log] Registered 'org.bepinex.plugins.cooking ConfigSync' RPC - waiting for incoming connections
[Info   : Unity Log] Registered 'randyknapp.mods.epicloot ConfigSync' RPC - waiting for incoming connections
[Info   :Jotunn.Managers.PrefabManager] Adding 178 custom prefabs to the ZNetScene
[Info   : Unity Log] [CustomSlotCreator] Created quiver slot for LeatherQuiver.
[Info   : Unity Log] 01/08/2023 13:11:13: Audioman already exist, destroying self

[Info   : Unity Log] 01/08/2023 13:11:13: Checking for installed DLCs

[Info   : Unity Log] 01/08/2023 13:11:13: DLC:beta installed:False

[Info   :Jotunn.Managers.ItemManager] Adding 107 custom items to the ObjectDB
[Info   :Jotunn.Managers.ItemManager] Adding 90 custom recipes to the ObjectDB
[Info   :Jotunn.Managers.ItemManager] Adding 1 custom item conversions
[Info   : Unity Log] [PrefabCreator] Added recipe: Recipe_LeatherQuiver
[Info   : Unity Log] [PrefabCreator] Added recipe: Recipe_ArrowWoodAnywhere
[Info   : Unity Log] [PrefabCreator] Added recipe: Recipe_FireArrowTransform
[Info   : Unity Log] [PrefabCreator] Added recipe: Recipe_PoisonArrowTransform
[Info   : Unity Log] [PrefabCreator] Added recipe: Recipe_SilverArrowTransform
[Info   : Unity Log] [PrefabCreator] Added recipe: Recipe_FrostArrowTransform
[Info   : Unity Log] [PrefabCreator] Added recipe: Recipe_LeatherBelt
[Info   : Unity Log] [PrefabCreator] Added recipe: Recipe_SilverRing
[Info   : Unity Log] [PrefabCreator] Added recipe: Recipe_GoldRubyRing
[Info   : Unity Log] [PrefabCreator] Added recipe: Recipe_ShardRareUpgrade
[Info   : Unity Log] [PrefabCreator] Added recipe: Recipe_ShardEpicUpgrade
[Info   : Unity Log] [PrefabCreator] Added recipe: Recipe_ShardLegendaryUpgrade
[Info   : Unity Log] [PrefabCreator] Added recipe: Recipe_DustRareUpgrade
[Info   : Unity Log] [PrefabCreator] Added recipe: Recipe_DustEpicUpgrade
[Info   : Unity Log] [PrefabCreator] Added recipe: Recipe_DustLegendaryUpgrade
[Info   : Unity Log] [PrefabCreator] Added recipe: Recipe_ReagentRareUpgrade
[Info   : Unity Log] [PrefabCreator] Added recipe: Recipe_ReagentEpicUpgrade
[Info   : Unity Log] [PrefabCreator] Added recipe: Recipe_ReagentLegendaryUpgrade
[Info   : Unity Log] [PrefabCreator] Added recipe: Recipe_EssenceRareUpgrade
[Info   : Unity Log] [PrefabCreator] Added recipe: Recipe_EssenceEpicUpgrade
[Info   : Unity Log] [PrefabCreator] Added recipe: Recipe_EssenceLegendaryUpgrade
[Info   : Unity Log] [PrefabCreator] Added recipe: Recipe_RunestoneRareUpgrade
[Info   : Unity Log] [PrefabCreator] Added recipe: Recipe_RunestoneEpicUpgrade
[Info   : Unity Log] [PrefabCreator] Added recipe: Recipe_RunestoneLegendaryUpgrade
[Info   : Unity Log] [PrefabCreator] Added recipe: Recipe_MagicShardToDust_Conversion
[Info   : Unity Log] [PrefabCreator] Added recipe: Recipe_MagicShardToEssence_Conversion
[Info   : Unity Log] [PrefabCreator] Added recipe: Recipe_MagicShardToReagent_Conversion
[Info   : Unity Log] [PrefabCreator] Added recipe: Recipe_RareShardToDust_Conversion
[Info   : Unity Log] [PrefabCreator] Added recipe: Recipe_RareShardToEssence_Conversion
[Info   : Unity Log] [PrefabCreator] Added recipe: Recipe_RareShardToReagent_Conversion
[Info   : Unity Log] [PrefabCreator] Added recipe: Recipe_EpicShardToDust_Conversion
[Info   : Unity Log] [PrefabCreator] Added recipe: Recipe_EpicShardToEssence_Conversion
[Info   : Unity Log] [PrefabCreator] Added recipe: Recipe_EpicShardToReagent_Conversion
[Info   : Unity Log] [PrefabCreator] Added recipe: Recipe_LegendaryShardToDust_Conversion
[Info   : Unity Log] [PrefabCreator] Added recipe: Recipe_LegendaryShardToEssence_Conversion
[Info   : Unity Log] [PrefabCreator] Added recipe: Recipe_LegendaryShardToReagent_Conversion
[Info   : Unity Log] [PrefabCreator] Added recipe: Recipe_BoneSkeletonTrophy
[Info   : Unity Log] [PrefabCreator] Added recipe: Recipe_EyeGreydwarfTrophy
[Info   : Unity Log] [PrefabCreator] Added recipe: Recipe_AntlerDeerTrophy
[Info   : Unity Log] [PrefabCreator] Added recipe: Recipe_HideTrollTrophy
[Info   : Unity Log] [PrefabCreator] Added recipe: Recipe_CoreSurtlingTrophy
[Info   : Unity Log] [PrefabCreator] Added recipe: Recipe_FreezeGlandDrakeTrophy
[Info   : Unity Log] [PrefabCreator] Added recipe: Recipe_DragonTearRunestone
[Info   : Unity Log] [PrefabCreator] Added recipe: Recipe_YagluthThingRunestone
[Info   :Jotunn.Managers.PieceManager] Adding 29 custom pieces to the PieceTables
[Info   :HoneyPlus.HoneyPlus] Changed Recipe: BoarJerky
[Info   :HoneyPlus.HoneyPlus] Changed Recipe: WolfJerky
[Info   :Jotunn.Managers.NetworkManager] Registering 2 custom RPCs
[Info   : Unity Log] 01/08/2023 13:11:18: Zonesystem Start 44889

[Info   : Unity Log] 01/08/2023 13:11:18: Added 3 locations, 0 vegetations, 0 environments, 0 biome env-setups, 0 clutter  from locations_cp1

[Info   : Unity Log] 01/08/2023 13:11:18: Added 1 locations, 0 vegetations, 1 environments, 0 biome env-setups, 0 clutter  from locations_mountaincaves

[Info   : Unity Log] 01/08/2023 13:11:18: Added 27 locations, 25 vegetations, 5 environments, 1 biome env-setups, 3 clutter  from locations_mistlands

[Info   :Jotunn.Managers.ZoneManager] Injecting 16 custom vegetation
[Info   : Unity Log] 01/08/2023 13:11:18: DungeonDB Start 44889

[Info   : Unity Log] 01/08/2023 13:11:19: ZRpc timeout set to 30s 

[Info   : Unity Log] 01/08/2023 13:11:19: Load world: Szczecin (Szczecin)

[Info   : Unity Log] 01/08/2023 13:11:19: Loading 362476 zdos , my id 788169600 data version:29

[Info   : Unity Log] 01/08/2023 13:11:19: Loaded 100000 dead zdos

[Info   : Unity Log] 01/08/2023 13:11:19: Removed 0 OLD generated ZDOS

[Info   : Unity Log] 01/08/2023 13:11:19: Loaded 10146 locations

[Info   : Unity Log] 01/08/2023 13:11:20: Starting respawn

[Info   : Unity Log] 01/08/2023 13:11:20: Ticket is System.Byte[] of length 369

[Info   : Unity Log] 01/08/2023 13:11:20: Session auth respons callback

[Info   : Unity Log] 01/08/2023 13:11:25: Unpacking compressed mapdata 18489

[Info   : Unity Log] 01/08/2023 13:11:25: tip:$loadscreen_tip05

[Info   : Unity Log] 01/08/2023 13:11:29: Force generaeting hmap (-576.0, 0.0, 1664.0)

[Info   : Unity Log] 01/08/2023 13:11:33: Spawned after 8,019994

[Info   :Jotunn.Managers.SkillManager] Registering 1 custom skills
[Info   : Unity Log] 01/08/2023 13:11:33: Queue unlock msg:$msg_newrecipe:$mod_epicloot_assets_leatherbelt

[Info   : Unity Log] 01/08/2023 13:11:33: Queue unlock msg:$msg_newrecipe:$mod_epicloot_assets_silverring

[Info   : Unity Log] 01/08/2023 13:11:33: Queue unlock msg:$msg_newrecipe:$mod_epicloot_assets_goldrubyring

[Info   : Unity Log] 01/08/2023 13:11:33: Queue unlock msg:$msg_newrecipe:$item_trophy_skeleton

[Info   : Unity Log] 01/08/2023 13:11:33: Queue unlock msg:$msg_newrecipe:$item_trophy_greydwarf

[Info   : Unity Log] 01/08/2023 13:11:33: Queue unlock msg:$msg_newrecipe:$item_trophy_deer

[Info   : Unity Log] 01/08/2023 13:11:33: Queue unlock msg:$msg_newrecipe:$item_trophy_troll

[Info   : Unity Log] 01/08/2023 13:11:33: Queue unlock msg:$msg_newrecipe:$item_trophy_surtling

[Info   : Unity Log] 01/08/2023 13:11:33: Queue unlock msg:$msg_newrecipe:$item_trophy_hatchling

[Info   : Unity Log] 01/08/2023 13:11:33: Queue unlock msg:$msg_newpiece:$mod_epicloot_assets_enchanter

[Info   : Unity Log] 01/08/2023 13:11:33: Queue unlock msg:$msg_newpiece:$mod_epicloot_assets_augmenter

[Info   : Unity Log] 01/08/2023 13:11:33: Minimap: Adding unique location (-2.2, 46.8, -6.4)

[Info   : Unity Log] 01/08/2023 13:11:35: Starting music meadows

[Info   : Unity Log] 01/08/2023 13:11:41: Setting selected recipe 0

[Info   : Unity Log] 01/08/2023 13:11:42: UI Group status changed root = True

[Info   : Unity Log] 01/08/2023 13:11:42: UI Group status changed Player = True

[Info   : Unity Log] 01/08/2023 13:11:44: Setting selected recipe 0

[Info   : Unity Log] 01/08/2023 13:11:44: UI Group status changed root = True

[Info   : Unity Log] 01/08/2023 13:11:44: UI Group status changed Player = True

[Info   : Unity Log] 01/08/2023 13:11:45: Setting selected recipe 0

[Info   : Unity Log] 01/08/2023 13:11:45: UI Group status changed root = True

[Info   : Unity Log] 01/08/2023 13:11:45: UI Group status changed Player = True

[Info   : Unity Log] 01/08/2023 13:11:55: Setting selected recipe 0

[Info   : Unity Log] 01/08/2023 13:11:55: UI Group status changed root = True

[Info   : Unity Log] 01/08/2023 13:11:55: UI Group status changed Player = True

[Info   : Unity Log] 01/08/2023 13:12:59: UI Group status changed MenuRoot = False

[Info   :Digitalroot] Trader's coins were saved to world Szczecin_2422803644_BetterTrader.dat file with a value of 2000
[Info   : Unity Log] 01/08/2023 13:12:59: Game - OnApplicationQuit

[Info   : Unity Log] 01/08/2023 13:12:59: Shuting down

[Info   : Unity Log] 01/08/2023 13:12:59: Uncompressed size 8391761

[Info   : Unity Log] 01/08/2023 13:12:59: Compressed size 18489

[Info   : Unity Log] 01/08/2023 13:12:59: Cloud Save: 55288 bytes. /characters/smasha.fch.new

[Info   : Unity Log] 01/08/2023 13:12:59: Steam writing file chunks 1 / 1, (55288 bytes)

[Info   : Unity Log] 01/08/2023 13:12:59: Steam Cloud Move: 53716 bytes. /characters/smasha.fch -> /characters/smasha.fch.old

[Info   : Unity Log] 01/08/2023 13:12:59: Steam writing file chunks 1 / 1, (53716 bytes)

[Info   : Unity Log] 01/08/2023 13:12:59: Steam Cloud Move: 55288 bytes. /characters/smasha.fch.new -> /characters/smasha.fch

[Info   : Unity Log] 01/08/2023 13:12:59: Steam writing file chunks 1 / 1, (55288 bytes)

[Info   : Unity Log] 01/08/2023 13:12:59: Considering autobackup. World time: 92,73999, short time: 7200, long time: 43200, backup count: 4

[Info   : Unity Log] 01/08/2023 13:12:59: Skipping backup. World session not long enough.

[Info   : Unity Log] 01/08/2023 13:12:59: ZNet Shutdown

[Info   : Unity Log] 01/08/2023 13:13:00: clone 254

[Info   : Unity Log] 01/08/2023 13:13:00: Sending disconnect msg

[Info   :Valharvest.Main] Valharvest: OnDestroy
[Info   : Unity Log] Unpatching now
[Warning:  HarmonyX] UnpatchAll has been called - This will remove ALL HARMONY PATCHES.
